2026-04-28 09:29:36 - INFO - 开始运行 args={'trade_date': None, 'push': False, 'no_push': False} cwd=H:\zr\caution python=C:\ProgramData\miniconda3\python.exe
2026-04-28 09:29:36 - INFO - 交易日定位 today=2026-04-28 prev=2026-04-27 prev2=2026-04-24 historical_replay=False
2026-04-28 09:29:36 - INFO - 市场快照 date=2026-04-24 diff20=-150 switch=不通过
2026-04-28 09:29:40 - INFO - 问财查询完成 label=base rows=100
2026-04-28 09:29:45 - INFO - 问财查询完成 label=detail rows=100
2026-04-28 09:29:49 - INFO - 问财查询完成 label=amount rows=100
2026-04-28 09:29:51 - INFO - 导出完成 trade_date=20260428 selected=0 latest_csv=H:\zr\caution\今日操作清单.csv dated_csv=H:\zr\caution\今日操作清单-20260428.csv candidate_csv=H:\zr\caution\今日操作候选池-20260428.csv
2026-04-28 09:29:51 - INFO - 推送判断 should_push=True no_push=False push=False
2026-04-28 09:29:51 - INFO - PushPlus推送成功 title=2026-04-28 竞价爬升操作清单 response={"code":200,"msg":"执行成功","data":"0e138026ed54444eb96267a40ad35a85"}
2026-04-28 09:29:51 - INFO - 运行成功 trade_date=2026-04-28 raw=14 amount=0 body=0 industry=0 selected=0
2026-04-28 10:42:10 - INFO - 市场快照过期，尝试刷新 snapshot_date=2026-04-24 required_date=2026-04-27
2026-04-28 10:43:17 - INFO - 市场快照过期，尝试刷新 snapshot_date=2026-04-24 required_date=2026-04-27
2026-04-28 10:43:28 - INFO - 市场快照过期，尝试刷新 snapshot_date=2026-04-24 required_date=2026-04-27
2026-04-28 10:43:28 - WARNING - 市场宽度历史文件写入失败，继续更新最新快照: C:\Users\Administrator\AppData\Local\Temp\tmp1olz8lp4\市场宽度历史.csv
2026-04-28 10:43:42 - INFO - 市场快照过期，尝试刷新 snapshot_date=2026-04-24 required_date=2026-04-27
2026-04-28 10:43:52 - INFO - 市场快照过期，尝试刷新 snapshot_date=2026-04-24 required_date=2026-04-27
2026-04-28 10:43:52 - WARNING - 市场宽度历史文件写入失败，继续更新最新快照: C:\Users\Administrator\AppData\Local\Temp\tmpqnsa7s73\市场宽度历史.csv
2026-04-28 10:44:30 - INFO - 开始运行 args={'trade_date': None, 'push': False, 'no_push': True} cwd=H:\zr\caution python=C:\ProgramData\miniconda3\python.exe
2026-04-28 10:44:30 - INFO - 交易日定位 today=2026-04-28 prev=2026-04-27 prev2=2026-04-24 historical_replay=False
2026-04-28 10:44:30 - INFO - 市场快照 date=2026-04-27 diff20=351 switch=通过
2026-04-28 10:44:35 - INFO - 问财查询完成 label=base rows=100
2026-04-28 10:44:40 - INFO - 问财查询完成 label=detail rows=100
2026-04-28 10:44:44 - INFO - 问财查询完成 label=amount rows=100
2026-04-28 10:44:45 - INFO - 导出完成 trade_date=20260428 selected=0 latest_csv=H:\zr\caution\今日操作清单.csv dated_csv=H:\zr\caution\今日操作清单-20260428.csv candidate_csv=H:\zr\caution\今日操作候选池-20260428.csv
2026-04-28 10:44:45 - INFO - 推送判断 should_push=False no_push=True push=False
2026-04-28 10:44:45 - INFO - 运行成功 trade_date=2026-04-28 raw=14 amount=7 body=3 industry=0 selected=0
2026-04-28 10:45:05 - INFO - 市场快照过期，尝试刷新 snapshot_date=2026-04-24 required_date=2026-04-27
2026-04-28 10:45:05 - WARNING - 市场宽度历史文件写入失败，继续更新最新快照: C:\Users\Administrator\AppData\Local\Temp\tmpiznm8t9o\市场宽度历史.csv
2026-04-28 10:45:50 - INFO - 市场快照过期，尝试刷新 snapshot_date=2026-04-24 required_date=2026-04-27
2026-04-28 10:45:50 - WARNING - 市场宽度历史文件写入失败，继续更新最新快照: C:\Users\Administrator\AppData\Local\Temp\tmpw6pqvu_l\市场宽度历史.csv
2026-04-28 10:46:03 - INFO - 市场快照过期，尝试刷新 snapshot_date=2026-04-24 required_date=2026-04-27
2026-04-28 10:46:03 - WARNING - 市场宽度历史文件写入失败，继续更新最新快照: C:\Users\Administrator\AppData\Local\Temp\tmpz7083st1\市场宽度历史.csv
2026-04-28 10:47:06 - INFO - 开始运行 args={'trade_date': None, 'push': False, 'no_push': True} cwd=H:\zr\caution python=C:\ProgramData\miniconda3\python.exe
2026-04-28 10:47:06 - INFO - 交易日定位 today=2026-04-28 prev=2026-04-27 prev2=2026-04-24 historical_replay=False
2026-04-28 10:47:06 - INFO - 市场快照 date=2026-04-27 diff20=351 switch=通过
2026-04-28 10:47:10 - INFO - 问财查询完成 label=base rows=100
2026-04-28 10:47:14 - INFO - 问财查询完成 label=detail rows=100
2026-04-28 10:47:17 - INFO - 问财查询完成 label=amount rows=100
2026-04-28 10:47:19 - INFO - 导出完成 trade_date=20260428 selected=0 latest_csv=H:\zr\caution\今日操作清单.csv dated_csv=H:\zr\caution\今日操作清单-20260428.csv candidate_csv=H:\zr\caution\今日操作候选池-20260428.csv
2026-04-28 10:47:19 - INFO - 推送判断 should_push=False no_push=True push=False
2026-04-28 10:47:19 - INFO - 运行成功 trade_date=2026-04-28 raw=14 amount=7 body=3 industry=0 selected=0
2026-04-28 11:03:06 - INFO - 市场快照过期，尝试刷新 snapshot_date=2026-04-24 required_date=2026-04-27
2026-04-28 11:03:06 - WARNING - 市场宽度历史文件写入失败，继续更新最新快照: C:\Users\Administrator\AppData\Local\Temp\tmpb4zzgnfi\市场宽度历史.csv
2026-04-29 09:29:19 - INFO - 开始运行 args={'trade_date': None, 'push': False, 'no_push': False} cwd=H:\zr\caution python=C:\ProgramData\miniconda3\python.exe
2026-04-29 09:29:19 - INFO - 交易日定位 today=2026-04-29 prev=2026-04-28 prev2=2026-04-27 historical_replay=False
2026-04-29 09:29:19 - INFO - 市场快照过期，尝试刷新 snapshot_date=2026-04-27 required_date=2026-04-28
2026-04-29 09:29:21 - ERROR - 生成失败
Traceback (most recent call last):
  File "C:\ProgramData\miniconda3\Lib\site-packages\urllib3\connection.py", line 198, in _new_conn
    sock = connection.create_connection(
        (self._dns_host, self.port),
    ...<2 lines>...
        socket_options=self.socket_options,
    )
  File "C:\ProgramData\miniconda3\Lib\site-packages\urllib3\util\connection.py", line 85, in create_connection
    raise err
  File "C:\ProgramData\miniconda3\Lib\site-packages\urllib3\util\connection.py", line 73, in create_connection
    sock.connect(sa)
    ~~~~~~~~~~~~^^^^
ConnectionRefusedError: [WinError 10061] 由于目标计算机积极拒绝，无法连接。

The above exception was the direct cause of the following exception:

Traceback (most recent call last):
  File "C:\ProgramData\miniconda3\Lib\site-packages\urllib3\connectionpool.py", line 773, in urlopen
    self._prepare_proxy(conn)
    ~~~~~~~~~~~~~~~~~~~^^^^^^
  File "C:\ProgramData\miniconda3\Lib\site-packages\urllib3\connectionpool.py", line 1042, in _prepare_proxy
    conn.connect()
    ~~~~~~~~~~~~^^
  File "C:\ProgramData\miniconda3\Lib\site-packages\urllib3\connection.py", line 704, in connect
    self.sock = sock = self._new_conn()
                       ~~~~~~~~~~~~~~^^
  File "C:\ProgramData\miniconda3\Lib\site-packages\urllib3\connection.py", line 213, in _new_conn
    raise NewConnectionError(
        self, f"Failed to establish a new connection: {e}"
    ) from e
urllib3.exceptions.NewConnectionError: <urllib3.connection.HTTPSConnection object at 0x00000211B70D1E80>: Failed to establish a new connection: [WinError 10061] 由于目标计算机积极拒绝，无法连接。

The above exception was the direct cause of the following exception:

urllib3.exceptions.ProxyError: ('Unable to connect to proxy', NewConnectionError('<urllib3.connection.HTTPSConnection object at 0x00000211B70D1E80>: Failed to establish a new connection: [WinError 10061] 由于目标计算机积极拒绝，无法连接。'))

The above exception was the direct cause of the following exception:

Traceback (most recent call last):
  File "C:\ProgramData\miniconda3\Lib\site-packages\requests\adapters.py", line 667, in send
    resp = conn.urlopen(
        method=request.method,
    ...<9 lines>...
        chunked=chunked,
    )
  File "C:\ProgramData\miniconda3\Lib\site-packages\urllib3\connectionpool.py", line 841, in urlopen
    retries = retries.increment(
        method, url, error=new_e, _pool=self, _stacktrace=sys.exc_info()[2]
    )
  File "C:\ProgramData\miniconda3\Lib\site-packages\urllib3\util\retry.py", line 519, in increment
    raise MaxRetryError(_pool, url, reason) from reason  # type: ignore[arg-type]
    ^^^^^^^^^^^^^^^^^^^^^^^^^^^^^^^^^^^^^^^^^^^^^^^^^^^
urllib3.exceptions.MaxRetryError: HTTPSConnectionPool(host='www.legulegu.com', port=443): Max retries exceeded with url: /stockdata/member-ship/get-high-low-statistics/all (Caused by ProxyError('Unable to connect to proxy', NewConnectionError('<urllib3.connection.HTTPSConnection object at 0x00000211B70D1E80>: Failed to establish a new connection: [WinError 10061] 由于目标计算机积极拒绝，无法连接。')))

During handling of the above exception, another exception occurred:

Traceback (most recent call last):
  File "H:\zr\caution\生成今日操作清单.py", line 871, in <module>
    main()
    ~~~~^^
  File "H:\zr\caution\生成今日操作清单.py", line 792, in main
    snapshot = read_market_snapshot(today_ts, historical_replay, required_snapshot_date)
  File "H:\zr\caution\生成今日操作清单.py", line 116, in read_market_snapshot
    return ensure_fresh_snapshot(read_snapshot(MARKET_SNAPSHOT_JSON), required_date)
  File "H:\zr\caution\生成今日操作清单.py", line 99, in ensure_fresh_snapshot
    refresh_market_snapshot()
    ~~~~~~~~~~~~~~~~~~~~~~~^^
  File "H:\zr\caution\生成今日操作清单.py", line 77, in refresh_market_snapshot
    fetched_df = module.fetch_market_breadth()
  File "H:\zr\caution\获取市场宽度.py", line 52, in fetch_market_breadth
    response = requests.get(MARKET_BREADTH_URL, headers=LEGU_HEADERS, timeout=30)
  File "C:\ProgramData\miniconda3\Lib\site-packages\requests\api.py", line 73, in get
    return request("get", url, params=params, **kwargs)
  File "C:\ProgramData\miniconda3\Lib\site-packages\requests\api.py", line 59, in request
    return session.request(method=method, url=url, **kwargs)
           ~~~~~~~~~~~~~~~^^^^^^^^^^^^^^^^^^^^^^^^^^^^^^^^^^
  File "C:\ProgramData\miniconda3\Lib\site-packages\requests\sessions.py", line 589, in request
    resp = self.send(prep, **send_kwargs)
  File "C:\ProgramData\miniconda3\Lib\site-packages\requests\sessions.py", line 703, in send
    r = adapter.send(request, **kwargs)
  File "C:\ProgramData\miniconda3\Lib\site-packages\requests\adapters.py", line 694, in send
    raise ProxyError(e, request=request)
requests.exceptions.ProxyError: HTTPSConnectionPool(host='www.legulegu.com', port=443): Max retries exceeded with url: /stockdata/member-ship/get-high-low-statistics/all (Caused by ProxyError('Unable to connect to proxy', NewConnectionError('<urllib3.connection.HTTPSConnection object at 0x00000211B70D1E80>: Failed to establish a new connection: [WinError 10061] 由于目标计算机积极拒绝，无法连接。')))
2026-04-29 09:29:49 - INFO - 开始运行 args={'trade_date': None, 'push': False, 'no_push': False} cwd=H:\zr\caution python=C:\ProgramData\miniconda3\python.exe
2026-04-29 09:29:49 - INFO - 交易日定位 today=2026-04-29 prev=2026-04-28 prev2=2026-04-27 historical_replay=False
2026-04-29 09:29:49 - INFO - 市场快照过期，尝试刷新 snapshot_date=2026-04-27 required_date=2026-04-28
2026-04-29 09:29:49 - ERROR - 生成失败
Traceback (most recent call last):
  File "C:\ProgramData\miniconda3\Lib\site-packages\urllib3\connectionpool.py", line 464, in _make_request
    self._validate_conn(conn)
    ~~~~~~~~~~~~~~~~~~~^^^^^^
  File "C:\ProgramData\miniconda3\Lib\site-packages\urllib3\connectionpool.py", line 1093, in _validate_conn
    conn.connect()
    ~~~~~~~~~~~~^^
  File "C:\ProgramData\miniconda3\Lib\site-packages\urllib3\connection.py", line 741, in connect
    sock_and_verified = _ssl_wrap_socket_and_match_hostname(
        sock=sock,
    ...<14 lines>...
        assert_fingerprint=self.assert_fingerprint,
    )
  File "C:\ProgramData\miniconda3\Lib\site-packages\urllib3\connection.py", line 920, in _ssl_wrap_socket_and_match_hostname
    ssl_sock = ssl_wrap_socket(
        sock=sock,
    ...<8 lines>...
        tls_in_tls=tls_in_tls,
    )
  File "C:\ProgramData\miniconda3\Lib\site-packages\urllib3\util\ssl_.py", line 460, in ssl_wrap_socket
    ssl_sock = _ssl_wrap_socket_impl(sock, context, tls_in_tls, server_hostname)
  File "C:\ProgramData\miniconda3\Lib\site-packages\urllib3\util\ssl_.py", line 504, in _ssl_wrap_socket_impl
    return ssl_context.wrap_socket(sock, server_hostname=server_hostname)
           ~~~~~~~~~~~~~~~~~~~~~~~^^^^^^^^^^^^^^^^^^^^^^^^^^^^^^^^^^^^^^^
  File "C:\ProgramData\miniconda3\Lib\ssl.py", line 455, in wrap_socket
    return self.sslsocket_class._create(
           ~~~~~~~~~~~~~~~~~~~~~~~~~~~~^
        sock=sock,
        ^^^^^^^^^^
    ...<5 lines>...
        session=session
        ^^^^^^^^^^^^^^^
    )
    ^
  File "C:\ProgramData\miniconda3\Lib\ssl.py", line 1076, in _create
    self.do_handshake()
    ~~~~~~~~~~~~~~~~~^^
  File "C:\ProgramData\miniconda3\Lib\ssl.py", line 1372, in do_handshake
    self._sslobj.do_handshake()
    ~~~~~~~~~~~~~~~~~~~~~~~~~^^
ssl.SSLEOFError: [SSL: UNEXPECTED_EOF_WHILE_READING] EOF occurred in violation of protocol (_ssl.c:1028)

During handling of the above exception, another exception occurred:

Traceback (most recent call last):
  File "C:\ProgramData\miniconda3\Lib\site-packages\urllib3\connectionpool.py", line 787, in urlopen
    response = self._make_request(
        conn,
    ...<10 lines>...
        **response_kw,
    )
  File "C:\ProgramData\miniconda3\Lib\site-packages\urllib3\connectionpool.py", line 488, in _make_request
    raise new_e
urllib3.exceptions.SSLError: [SSL: UNEXPECTED_EOF_WHILE_READING] EOF occurred in violation of protocol (_ssl.c:1028)

The above exception was the direct cause of the following exception:

Traceback (most recent call last):
  File "C:\ProgramData\miniconda3\Lib\site-packages\requests\adapters.py", line 667, in send
    resp = conn.urlopen(
        method=request.method,
    ...<9 lines>...
        chunked=chunked,
    )
  File "C:\ProgramData\miniconda3\Lib\site-packages\urllib3\connectionpool.py", line 841, in urlopen
    retries = retries.increment(
        method, url, error=new_e, _pool=self, _stacktrace=sys.exc_info()[2]
    )
  File "C:\ProgramData\miniconda3\Lib\site-packages\urllib3\util\retry.py", line 519, in increment
    raise MaxRetryError(_pool, url, reason) from reason  # type: ignore[arg-type]
    ^^^^^^^^^^^^^^^^^^^^^^^^^^^^^^^^^^^^^^^^^^^^^^^^^^^
urllib3.exceptions.MaxRetryError: HTTPSConnectionPool(host='www.legulegu.com', port=443): Max retries exceeded with url: /stockdata/member-ship/get-high-low-statistics/all (Caused by SSLError(SSLEOFError(8, '[SSL: UNEXPECTED_EOF_WHILE_READING] EOF occurred in violation of protocol (_ssl.c:1028)')))

During handling of the above exception, another exception occurred:

Traceback (most recent call last):
  File "H:\zr\caution\生成今日操作清单.py", line 871, in <module>
    main()
    ~~~~^^
  File "H:\zr\caution\生成今日操作清单.py", line 792, in main
    snapshot = read_market_snapshot(today_ts, historical_replay, required_snapshot_date)
  File "H:\zr\caution\生成今日操作清单.py", line 116, in read_market_snapshot
    return ensure_fresh_snapshot(read_snapshot(MARKET_SNAPSHOT_JSON), required_date)
  File "H:\zr\caution\生成今日操作清单.py", line 99, in ensure_fresh_snapshot
    refresh_market_snapshot()
    ~~~~~~~~~~~~~~~~~~~~~~~^^
  File "H:\zr\caution\生成今日操作清单.py", line 77, in refresh_market_snapshot
    fetched_df = module.fetch_market_breadth()
  File "H:\zr\caution\获取市场宽度.py", line 52, in fetch_market_breadth
    response = requests.get(MARKET_BREADTH_URL, headers=LEGU_HEADERS, timeout=30)
  File "C:\ProgramData\miniconda3\Lib\site-packages\requests\api.py", line 73, in get
    return request("get", url, params=params, **kwargs)
  File "C:\ProgramData\miniconda3\Lib\site-packages\requests\api.py", line 59, in request
    return session.request(method=method, url=url, **kwargs)
           ~~~~~~~~~~~~~~~^^^^^^^^^^^^^^^^^^^^^^^^^^^^^^^^^^
  File "C:\ProgramData\miniconda3\Lib\site-packages\requests\sessions.py", line 589, in request
    resp = self.send(prep, **send_kwargs)
  File "C:\ProgramData\miniconda3\Lib\site-packages\requests\sessions.py", line 703, in send
    r = adapter.send(request, **kwargs)
  File "C:\ProgramData\miniconda3\Lib\site-packages\requests\adapters.py", line 698, in send
    raise SSLError(e, request=request)
requests.exceptions.SSLError: HTTPSConnectionPool(host='www.legulegu.com', port=443): Max retries exceeded with url: /stockdata/member-ship/get-high-low-statistics/all (Caused by SSLError(SSLEOFError(8, '[SSL: UNEXPECTED_EOF_WHILE_READING] EOF occurred in violation of protocol (_ssl.c:1028)')))
2026-04-29 09:29:55 - INFO - 开始运行 args={'trade_date': None, 'push': False, 'no_push': False} cwd=H:\zr\caution python=C:\ProgramData\miniconda3\python.exe
2026-04-29 09:29:55 - INFO - 交易日定位 today=2026-04-29 prev=2026-04-28 prev2=2026-04-27 historical_replay=False
2026-04-29 09:29:55 - INFO - 市场快照过期，尝试刷新 snapshot_date=2026-04-27 required_date=2026-04-28
2026-04-29 09:29:55 - INFO - 市场快照 date=2026-04-28 diff20=-210 switch=不通过
2026-04-29 09:30:02 - INFO - 问财查询完成 label=base rows=100
2026-04-29 09:30:07 - INFO - 问财查询完成 label=detail rows=100
2026-04-29 09:30:11 - INFO - 问财查询完成 label=amount rows=100
2026-04-29 09:30:15 - INFO - 导出完成 trade_date=20260429 selected=0 latest_csv=H:\zr\caution\今日操作清单.csv dated_csv=H:\zr\caution\今日操作清单-20260429.csv candidate_csv=H:\zr\caution\今日操作候选池-20260429.csv
2026-04-29 09:30:15 - INFO - 推送判断 should_push=True no_push=False push=False
2026-04-29 09:30:15 - INFO - PushPlus推送成功 title=2026-04-29 竞价爬升操作清单 response={"code":200,"msg":"执行成功","data":"ca803be0b9104e8f8fcc51a7fc2d4f4d"}
2026-04-29 09:30:15 - INFO - 运行成功 trade_date=2026-04-29 raw=17 amount=0 body=0 industry=0 selected=0
